#
# There is insufficient memory for the Java Runtime Environment to continue.
# Native memory allocation (mmap) failed to map 65011712 bytes for G1 virtual space
# Possible reasons:
#   The system is out of physical RAM or swap space
#   The process is running with CompressedOops enabled, and the Java Heap may be blocking the growth of the native heap
# Possible solutions:
#   Reduce memory load on the system
#   Increase physical memory or swap space
#   Check if swap backing store is full
#   Decrease Java heap size (-Xmx/-Xms)
#   Decrease number of Java threads
#   Decrease Java thread stack sizes (-Xss)
#   Set larger code cache with -XX:ReservedCodeCacheSize=
#   JVM is running with Unscaled Compressed Oops mode in which the Java heap is
#     placed in the first 4GB address space. The Java Heap base address is the
#     maximum limit for the native heap growth. Please use -XX:HeapBaseMinAddress
#     to set the Java Heap base and to place the Java Heap above 4GB virtual address.
# This output file may be truncated or incomplete.
#
#  Out of Memory Error (os_windows.cpp:3469), pid=1340, tid=14196
#
# JRE version:  (17.0+35) (build )
# Java VM: Java HotSpot(TM) 64-Bit Server VM (17+35-LTS-2724, mixed mode, emulated-client, sharing, tiered, compressed oops, compressed class ptrs, g1 gc, windows-amd64)
# No core dump will be written. Minidumps are not enabled by default on client versions of Windows
#

---------------  S U M M A R Y ------------

Command Line: -XX:TieredStopAtLevel=1 -Dfile.encoding=windows-1252 -Duser.country=US -Duser.language=en -Duser.variant com.pplbo.promotion.PromotionApplication

Host: Intel(R) Celeron(R) N4000 CPU @ 1.10GHz, 2 cores, 3G,  Windows 10 , 64 bit Build 22621 (10.0.22621.3672)
Time: Wed Jun 12 00:54:29 2024 SE Asia Standard Time elapsed time: 0.065220 seconds (0d 0h 0m 0s)

---------------  T H R E A D  ---------------

Current thread (0x0000021cafc59d30):  JavaThread "Unknown thread" [_thread_in_vm, id=14196, stack(0x00000033c3d00000,0x00000033c3e00000)]

Stack: [0x00000033c3d00000,0x00000033c3e00000]
Native frames: (J=compiled Java code, j=interpreted, Vv=VM code, C=native code)
V  [jvm.dll+0x66f8ea]
V  [jvm.dll+0x7ce224]
V  [jvm.dll+0x7cf9ce]
V  [jvm.dll+0x7d0033]
V  [jvm.dll+0x242bb5]
V  [jvm.dll+0x66c909]
V  [jvm.dll+0x6613d2]
V  [jvm.dll+0x30082b]
V  [jvm.dll+0x307db6]
V  [jvm.dll+0x357a0e]
V  [jvm.dll+0x357c3f]
V  [jvm.dll+0x2d7ae8]
V  [jvm.dll+0x2d8a54]
V  [jvm.dll+0x7a00a1]
V  [jvm.dll+0x365781]
V  [jvm.dll+0x77f59c]
V  [jvm.dll+0x3e805f]
V  [jvm.dll+0x3e9b01]
C  [jli.dll+0x527b]
C  [ucrtbase.dll+0x29333]
C  [KERNEL32.DLL+0x1257d]
C  [ntdll.dll+0x5aa48]


---------------  P R O C E S S  ---------------

Threads class SMR info:
_java_thread_list=0x00007ffe863a7818, length=0, elements={
}

Java Threads: ( => current thread )

Other Threads:
  0x0000021cafc84db0 GCTaskThread "GC Thread#0" [stack: 0x00000033c3e00000,0x00000033c3f00000] [id=12956]
  0x0000021cafc8f790 ConcurrentGCThread "G1 Main Marker" [stack: 0x00000033c3f00000,0x00000033c4000000] [id=6388]
  0x0000021cafc901a0 ConcurrentGCThread "G1 Conc#0" [stack: 0x00000033c4000000,0x00000033c4100000] [id=15268]

[error occurred during error reporting (printing all threads), id 0xc0000005, EXCEPTION_ACCESS_VIOLATION (0xc0000005) at pc=0x00007ffe85bf84c7]

VM state: not at safepoint (not fully initialized)

VM Mutex/Monitor currently owned by a thread:  ([mutex/lock_event])
[0x0000021cafc54550] Heap_lock - owner thread: 0x0000021cafc59d30

Heap address: 0x00000000c2c00000, size: 980 MB, Compressed Oops mode: 32-bit

CDS archive(s) mapped at: [0x0000000000000000-0x0000000000000000-0x0000000000000000), size 0, SharedBaseAddress: 0x0000000800000000, ArchiveRelocationMode: 0.
Narrow klass base: 0x0000000000000000, Narrow klass shift: 0, Narrow klass range: 0x0

GC Precious Log:
<Empty>

Heap:
 garbage-first heap   total 0K, used 0K [0x00000000c2c00000, 0x0000000100000000)
  region size 1024K, 0 young (0K), 0 survivors (0K)

[error occurred during error reporting (printing heap information), id 0xc0000005, EXCEPTION_ACCESS_VIOLATION (0xc0000005) at pc=0x00007ffe85fd8c59]

GC Heap History (0 events):
No events

Deoptimization events (0 events):
No events

Classes unloaded (0 events):
No events

Classes redefined (0 events):
No events

Internal exceptions (0 events):
No events

VM Operations (0 events):
No events

Events (1 events):
Event: 0.021 Loaded shared library C:\Program Files\Java\jdk-17\bin\java.dll


Dynamic libraries:
0x00007ff78f6b0000 - 0x00007ff78f6c0000 	C:\Program Files\Java\jdk-17\bin\java.exe
0x00007ffee8310000 - 0x00007ffee8527000 	C:\WINDOWS\SYSTEM32\ntdll.dll
0x00007ffee6c40000 - 0x00007ffee6d04000 	C:\WINDOWS\System32\KERNEL32.DLL
0x00007ffee5c00000 - 0x00007ffee5fac000 	C:\WINDOWS\System32\KERNELBASE.dll
0x00007ffee57d0000 - 0x00007ffee58e1000 	C:\WINDOWS\System32\ucrtbase.dll
0x00007ffeb3330000 - 0x00007ffeb3348000 	C:\Program Files\Java\jdk-17\bin\jli.dll
0x00007ffee66d0000 - 0x00007ffee6782000 	C:\WINDOWS\System32\ADVAPI32.dll
0x00007ffee77d0000 - 0x00007ffee7877000 	C:\WINDOWS\System32\msvcrt.dll
0x00007ffee7610000 - 0x00007ffee76b8000 	C:\WINDOWS\System32\sechost.dll
0x00007ffee57a0000 - 0x00007ffee57c8000 	C:\WINDOWS\System32\bcrypt.dll
0x00007ffee69c0000 - 0x00007ffee6ad5000 	C:\WINDOWS\System32\RPCRT4.dll
0x00007ffee7880000 - 0x00007ffee7a2e000 	C:\WINDOWS\System32\USER32.dll
0x00007ffee5640000 - 0x00007ffee5666000 	C:\WINDOWS\System32\win32u.dll
0x00007ffee61c0000 - 0x00007ffee61e9000 	C:\WINDOWS\System32\GDI32.dll
0x00007ffee58f0000 - 0x00007ffee5a09000 	C:\WINDOWS\System32\gdi32full.dll
0x00007ffee5fb0000 - 0x00007ffee604a000 	C:\WINDOWS\System32\msvcp_win.dll
0x00007ffeb3310000 - 0x00007ffeb332a000 	C:\Program Files\Java\jdk-17\bin\VCRUNTIME140.dll
0x00007ffed2840000 - 0x00007ffed2ad3000 	C:\WINDOWS\WinSxS\amd64_microsoft.windows.common-controls_6595b64144ccf1df_6.0.22621.3672_none_2713b9d173822955\COMCTL32.dll
0x00007ffed78e0000 - 0x00007ffed78ea000 	C:\WINDOWS\SYSTEM32\VERSION.dll
0x00007ffee6dc0000 - 0x00007ffee6df1000 	C:\WINDOWS\System32\IMM32.DLL
0x00007ffeae9a0000 - 0x00007ffeae9ac000 	C:\Program Files\Java\jdk-17\bin\vcruntime140_1.dll
0x00007ffeadd40000 - 0x00007ffeaddcd000 	C:\Program Files\Java\jdk-17\bin\msvcp140.dll
0x00007ffe85910000 - 0x00007ffe864ce000 	C:\Program Files\Java\jdk-17\bin\server\jvm.dll
0x00007ffee61b0000 - 0x00007ffee61b8000 	C:\WINDOWS\System32\PSAPI.DLL
0x00007ffebe3a0000 - 0x00007ffebe3a9000 	C:\WINDOWS\SYSTEM32\WSOCK32.dll
0x00007ffed7110000 - 0x00007ffed7144000 	C:\WINDOWS\SYSTEM32\WINMM.dll
0x00007ffee6790000 - 0x00007ffee6801000 	C:\WINDOWS\System32\WS2_32.dll
0x00007ffee4640000 - 0x00007ffee4658000 	C:\WINDOWS\SYSTEM32\kernel.appcore.dll
0x00007ffeadd30000 - 0x00007ffeadd3a000 	C:\Program Files\Java\jdk-17\bin\jimage.dll
0x00007ffee2f80000 - 0x00007ffee31b2000 	C:\WINDOWS\SYSTEM32\DBGHELP.DLL
0x00007ffee6340000 - 0x00007ffee66c8000 	C:\WINDOWS\System32\combase.dll
0x00007ffee7310000 - 0x00007ffee73e7000 	C:\WINDOWS\System32\OLEAUT32.dll
0x00007ffec7700000 - 0x00007ffec7732000 	C:\WINDOWS\SYSTEM32\dbgcore.DLL
0x00007ffee5b80000 - 0x00007ffee5bfb000 	C:\WINDOWS\System32\bcryptPrimitives.dll
0x00007ffeadd00000 - 0x00007ffeadd25000 	C:\Program Files\Java\jdk-17\bin\java.dll

dbghelp: loaded successfully - version: 4.0.5 - missing functions: none
symbol engine: initialized successfully - sym options: 0x614 - pdb path: .;C:\Program Files\Java\jdk-17\bin;C:\WINDOWS\SYSTEM32;C:\WINDOWS\WinSxS\amd64_microsoft.windows.common-controls_6595b64144ccf1df_6.0.22621.3672_none_2713b9d173822955;C:\Program Files\Java\jdk-17\bin\server

VM Arguments:
jvm_args: -XX:TieredStopAtLevel=1 -Dfile.encoding=windows-1252 -Duser.country=US -Duser.language=en -Duser.variant 
java_command: com.pplbo.promotion.PromotionApplication
java_class_path (initial): D:\Polban\SEMESTER 6\PPLBO\E-Commerce\pplbo-e-commerce\promotion-service\build\classes\java\main;D:\Polban\SEMESTER 6\PPLBO\E-Commerce\pplbo-e-commerce\promotion-service\build\resources\main;C:\Users\ASUS\.gradle\caches\modules-2\files-2.1\org.springdoc\springdoc-openapi-starter-webmvc-ui\2.2.0\178d8ed6714d78b8b475c45bc60642a9232fcb70\springdoc-openapi-starter-webmvc-ui-2.2.0.jar;C:\Users\ASUS\.gradle\caches\modules-2\files-2.1\mysql\mysql-connector-java\8.0.28\33678b1729d4f832b9e4bcb2d5bbd67940920a7a\mysql-connector-java-8.0.28.jar;C:\Users\ASUS\.gradle\caches\modules-2\files-2.1\org.springframework.boot\spring-boot-actuator-autoconfigure\3.2.5\aa58ac33da22febe8ea6d179eb0bf3f76ed2850d\spring-boot-actuator-autoconfigure-3.2.5.jar;C:\Users\ASUS\.gradle\caches\modules-2\files-2.1\io.micrometer\micrometer-jakarta9\1.12.5\8fe03be9a51974cdb700b04c8df5378f8566c179\micrometer-jakarta9-1.12.5.jar;C:\Users\ASUS\.gradle\caches\modules-2\files-2.1\org.springdoc\springdoc-openapi-starter-webmvc-api\2.2.0\3a7a3a7ecd2537203961d83cabc6d642f294ddb\springdoc-openapi-starter-webmvc-api-2.2.0.jar;C:\Users\ASUS\.gradle\caches\modules-2\files-2.1\org.springframework\spring-webmvc\6.1.6\ef1f76db6d94bac428839cb91fa59235c8356e56\spring-webmvc-6.1.6.jar;C:\Users\ASUS\.gradle\caches\modules-2\files-2.1\org.springframework\spring-web\6.1.6\49a32e3497fe39550da3b280bda5d9933ae2d51d\spring-web-6.1.6.jar;C:\Users\ASUS\.gradle\caches\modules-2\files-2.1\io.micrometer\micrometer-core\1.12.5\ee49ea9ec34c3d4aa1417a46ce8017f15513b5af\micrometer-core-1.12.5.jar;C:\Users\ASUS\.gradle\caches\modules-2\files-2.1\org.springframework.data\spring-data-jpa\3.2.5\f5c674caedc0132c7865b9a2edaa04b8f5351262\spring-data-jpa-3.2.5.jar;C:\Users\ASUS\.gradle\caches\modules-2\files-2.1\org.springdoc\springdoc-openapi-starter-common\2.2.0\352343daae911b5d95c718c4a3c461cf94b4707b\springdoc-openapi-starter-common-2.2.0.jar;C:\Users\ASUS\.gradle\caches\modules-2\files-2.1\org.springframework.bo
Launcher Type: SUN_STANDARD

[Global flags]
     intx CICompilerCount                          = 2                                         {product} {ergonomic}
     uint ConcGCThreads                            = 1                                         {product} {ergonomic}
     uint G1ConcRefinementThreads                  = 2                                         {product} {ergonomic}
   size_t G1HeapRegionSize                         = 1048576                                   {product} {ergonomic}
    uintx GCDrainStackTargetSize                   = 64                                        {product} {ergonomic}
   size_t InitialHeapSize                          = 65011712                                  {product} {ergonomic}
   size_t MarkStackSize                            = 4194304                                   {product} {ergonomic}
   size_t MaxHeapSize                              = 1027604480                                {product} {ergonomic}
   size_t MinHeapDeltaBytes                        = 1048576                                   {product} {ergonomic}
   size_t MinHeapSize                              = 8388608                                   {product} {ergonomic}
    uintx NonProfiledCodeHeapSize                  = 0                                      {pd product} {ergonomic}
     bool ProfileInterpreter                       = false                                  {pd product} {command line}
    uintx ProfiledCodeHeapSize                     = 0                                      {pd product} {ergonomic}
   size_t SoftMaxHeapSize                          = 1027604480                             {manageable} {ergonomic}
     intx TieredStopAtLevel                        = 1                                         {product} {command line}
     bool UseCompressedClassPointers               = true                           {product lp64_product} {ergonomic}
     bool UseCompressedOops                        = true                           {product lp64_product} {ergonomic}
     bool UseG1GC                                  = true                                      {product} {ergonomic}
     bool UseLargePagesIndividualAllocation        = false                                  {pd product} {ergonomic}

Logging:
Log output configuration:
 #0: stdout all=warning uptime,level,tags
 #1: stderr all=off uptime,level,tags

Environment Variables:
JAVA_HOME=C:\Program Files\Java\jdk-17
CLASSPATH=D:\Polban\SEMESTER 6\PPLBO\E-Commerce\pplbo-e-commerce\promotion-service\\gradle\wrapper\gradle-wrapper.jar
PATH=C:\Program Files\Java\jdk-17\bin;D:\Program Files\Docker\Docker;D:\Polban\SEMESTER 6\PPLBO\PRAKTEK\FTGOAPP\gradle-6.9.1\bin;D:\Program Files\Java\jdk-17\bin;C:\tools\mysql\current\bin;C:\ProgramData\chocolatey\bin;D:\VirtualBox;C:\Users\ASUS\AppData\Local\Programs\Python\Python311;C:\Users\ASUS\AppData\Local\Programs\Python\Python311\Scripts;C:\oraclexe\app\oracle\product\11.2.0\server\bin;C:\Program Files\Common Files\Oracle\Java\javapath;C:\WINDOWS\system32;C:\WINDOWS;C:\WINDOWS\System32\Wbem;C:\WINDOWS\System32\WindowsPowerShell\v1.0\;C:\WINDOWS\System32\OpenSSH\;C:\Program Files\Intel\WiFi\bin\;C:\Program Files\Common Files\Intel\WirelessCommon\;C:\Program Files\Git\cmd;C:\MinGW\bin;C:\Users\ASUS\AppData\Roaming\Microsoft\Windows\Start Menu\Programs\Python 3.10;D:\Polban\SEMESTER 2\PROYEK1 PPLD SEM2\webScrap2;C:\Program Files\PuTTY\;C:\ghcup\bin;C:\Program Files\swipl\bin;C:\Program Files\Microsoft SQL Server\130\Tools\Binn\;C:\instantclient_11_2;C:\Ruby31-x64\bin;C:\neo4j\bin;C:\Program Files\Git LFS;C:\Program Files\Go\bin;C:\Program Files\nodejs\;C:\Program Files\Maven\apache-maven-3.9.4\bin;C:\Program Files\Java\jdk-17\bin;D:\Program Files\Docker\Docker\resources\bin;D:\Docker\Docker\resources\bin;C:\Program Files\Java\jdk-17\bin;D:\Program Files\Docker\Docker;D:\Polban\SEMESTER 6\PPLBO\PRAKTEK\FTGOAPP\gradle-6.9.1\bin;C:\ProgramData\chocolatey\bin;C:\tools\mysql\current\bin;D:\VirtualBox;C:\Users\ASUS\AppData\Local\ActiveState\StateTool\release\bin;C:\Users\ASUS\AppData\Local\activestate\cache\bin;C:\Users\ASUS\AppData\Local\Programs\Python\Python311;C:\Users\ASUS\AppData\Local\Programs\Python\Python39\Scripts\;C:\Users\ASUS\AppData\Local\Programs\Python\Python39\;C:\Users\ASUS\AppData\Local\Programs\Python\Python310\Scripts\;C:\Users\ASUS\AppData\Local\Programs\Python\Python310\;C:\Users\ASUS\AppData\Local\Microsoft\WindowsApps;C:\Users\ASUS\AppData\Local\Programs\Microsoft VS Code\bin;C:\MinGW\bin;C:\Program Files\JetBrains\IntelliJ IDEA 2022.1\bin;;C:\
USERNAME=ASUS
LANG=en_US.UTF-8
OS=Windows_NT
PROCESSOR_IDENTIFIER=Intel64 Family 6 Model 122 Stepping 1, GenuineIntel



---------------  S Y S T E M  ---------------

OS:
 Windows 10 , 64 bit Build 22621 (10.0.22621.3672)
OS uptime: 0 days 5:09 hours
Hyper-V role detected

CPU: total 2 (initial active 2) (2 cores per cpu, 1 threads per core) family 6 model 122 stepping 1 microcode 0x34, cx8, cmov, fxsr, mmx, 3dnowpref, sse, sse2, sse3, ssse3, sse4.1, sse4.2, popcnt, tsc, tscinvbit, aes, erms, clmul, sha, clflush, clflushopt, hv

Memory: 4k page, system-wide physical 3918M (231M free)
TotalPageFile size 14158M (AvailPageFile size 45M)
current process WorkingSet (physical memory assigned to process): 10M, peak: 10M
current process commit charge ("private bytes"): 42M, peak: 104M

vm_info: Java HotSpot(TM) 64-Bit Server VM (17+35-LTS-2724) for windows-amd64 JRE (17+35-LTS-2724), built on Aug  5 2021 23:28:28 by "mach5one" with MS VC++ 16.8 (VS2019)

END.
