#
# There is insufficient memory for the Java Runtime Environment to continue.
# Native memory allocation (mmap) failed to map 65536 bytes for Failed to commit metaspace.
# Possible reasons:
#   The system is out of physical RAM or swap space
#   The process is running with CompressedOops enabled, and the Java Heap may be blocking the growth of the native heap
# Possible solutions:
#   Reduce memory load on the system
#   Increase physical memory or swap space
#   Check if swap backing store is full
#   Decrease Java heap size (-Xmx/-Xms)
#   Decrease number of Java threads
#   Decrease Java thread stack sizes (-Xss)
#   Set larger code cache with -XX:ReservedCodeCacheSize=
#   JVM is running with Unscaled Compressed Oops mode in which the Java heap is
#     placed in the first 4GB address space. The Java Heap base address is the
#     maximum limit for the native heap growth. Please use -XX:HeapBaseMinAddress
#     to set the Java Heap base and to place the Java Heap above 4GB virtual address.
# This output file may be truncated or incomplete.
#
#  Out of Memory Error (virtualSpaceNode.cpp:110), pid=7556, tid=17944
#
# JRE version: Java(TM) SE Runtime Environment (17.0+35) (build 17+35-LTS-2724)
# Java VM: Java HotSpot(TM) 64-Bit Server VM (17+35-LTS-2724, mixed mode, emulated-client, sharing, tiered, compressed oops, compressed class ptrs, g1 gc, windows-amd64)
# No core dump will be written. Minidumps are not enabled by default on client versions of Windows
#

---------------  S U M M A R Y ------------

Command Line: -XX:TieredStopAtLevel=1 -Dfile.encoding=windows-1252 -Duser.country=US -Duser.language=en -Duser.variant com.pplbo.promotion.PromotionApplication

Host: Intel(R) Celeron(R) N4000 CPU @ 1.10GHz, 2 cores, 3G,  Windows 10 , 64 bit Build 22621 (10.0.22621.3672)
Time: Wed Jun 12 00:49:31 2024 SE Asia Standard Time elapsed time: 5.854202 seconds (0d 0h 0m 5s)

---------------  T H R E A D  ---------------

Current thread (0x00000221d7019cd0):  JavaThread "main" [_thread_in_vm, id=17944, stack(0x00000037ae400000,0x00000037ae500000)]

Stack: [0x00000037ae400000,0x00000037ae500000]
Native frames: (J=compiled Java code, j=interpreted, Vv=VM code, C=native code)
V  [jvm.dll+0x66f8ea]
V  [jvm.dll+0x7ce224]
V  [jvm.dll+0x7cf9ce]
V  [jvm.dll+0x7d0033]
V  [jvm.dll+0x242bb5]
V  [jvm.dll+0x7ca1cb]
V  [jvm.dll+0x615a46]
V  [jvm.dll+0x1be28e]
V  [jvm.dll+0x618381]
V  [jvm.dll+0x6163e6]
V  [jvm.dll+0x238546]
V  [jvm.dll+0x1e885d]
V  [jvm.dll+0x1de2e1]
V  [jvm.dll+0x5375c0]
V  [jvm.dll+0x74971d]
V  [jvm.dll+0x74967a]
V  [jvm.dll+0x408f64]
V  [jvm.dll+0x41c6cb]
C  [java.dll+0x1657]

Java frames: (J=compiled Java code, j=interpreted, Vv=VM code)
j  java.lang.ClassLoader.defineClass0(Ljava/lang/ClassLoader;Ljava/lang/Class;Ljava/lang/String;[BIILjava/security/ProtectionDomain;ZILjava/lang/Object;)Ljava/lang/Class;+0 java.base@17
j  java.lang.System$2.defineClass(Ljava/lang/ClassLoader;Ljava/lang/Class;Ljava/lang/String;[BLjava/security/ProtectionDomain;ZILjava/lang/Object;)Ljava/lang/Class;+17 java.base@17
j  java.lang.invoke.MethodHandles$Lookup$ClassDefiner.defineClass(ZLjava/lang/Object;)Ljava/lang/Class;+54 java.base@17
j  java.lang.invoke.InvokerBytecodeGenerator.loadMethod([B)Ljava/lang/invoke/MemberName;+16 java.base@17
j  java.lang.invoke.InvokerBytecodeGenerator.generateCustomizedCode(Ljava/lang/invoke/LambdaForm;Ljava/lang/invoke/MethodType;)Ljava/lang/invoke/MemberName;+30 java.base@17
j  java.lang.invoke.LambdaForm.compileToBytecode()V+69 java.base@17
j  java.lang.invoke.LambdaForm.prepare()V+21 java.base@17
j  java.lang.invoke.MethodHandle.<init>(Ljava/lang/invoke/MethodType;Ljava/lang/invoke/LambdaForm;)V+33 java.base@17
j  java.lang.invoke.BoundMethodHandle.<init>(Ljava/lang/invoke/MethodType;Ljava/lang/invoke/LambdaForm;)V+3 java.base@17
j  java.lang.invoke.BoundMethodHandle$Species_LL.<init>(Ljava/lang/invoke/MethodType;Ljava/lang/invoke/LambdaForm;Ljava/lang/Object;Ljava/lang/Object;)V+3 java.base@17
j  java.lang.invoke.BoundMethodHandle$Species_LL.make(Ljava/lang/invoke/MethodType;Ljava/lang/invoke/LambdaForm;Ljava/lang/Object;Ljava/lang/Object;)Ljava/lang/invoke/BoundMethodHandle;+8 java.base@17
j  java.lang.invoke.DirectMethodHandle$Holder.invokeStatic(Ljava/lang/Object;Ljava/lang/Object;Ljava/lang/Object;Ljava/lang/Object;Ljava/lang/Object;)Ljava/lang/Object;+16 java.base@17
j  java.lang.invoke.BoundMethodHandle$Species_L.copyWithExtendL(Ljava/lang/invoke/MethodType;Ljava/lang/invoke/LambdaForm;Ljava/lang/Object;)Ljava/lang/invoke/BoundMethodHandle;+19 java.base@17
j  java.lang.invoke.LambdaFormEditor.bindArgumentL(Ljava/lang/invoke/BoundMethodHandle;ILjava/lang/Object;)Ljava/lang/invoke/BoundMethodHandle;+55 java.base@17
j  java.lang.invoke.BoundMethodHandle.bindArgumentL(ILjava/lang/Object;)Ljava/lang/invoke/BoundMethodHandle;+7 java.base@17
j  java.lang.invoke.MethodHandles.insertArguments(Ljava/lang/invoke/MethodHandle;I[Ljava/lang/Object;)Ljava/lang/invoke/MethodHandle;+84 java.base@17
j  java.lang.invoke.StringConcatFactory.generateMHInlineCopy(Ljava/lang/invoke/MethodType;Ljava/util/List;)Ljava/lang/invoke/MethodHandle;+195 java.base@17
j  java.lang.invoke.StringConcatFactory.makeConcatWithConstants(Ljava/lang/invoke/MethodHandles$Lookup;Ljava/lang/String;Ljava/lang/invoke/MethodType;Ljava/lang/String;[Ljava/lang/Object;)Ljava/lang/invoke/CallSite;+220 java.base@17
j  java.lang.invoke.DirectMethodHandle$Holder.invokeStatic(Ljava/lang/Object;Ljava/lang/Object;Ljava/lang/Object;Ljava/lang/Object;Ljava/lang/Object;Ljava/lang/Object;)Ljava/lang/Object;+18 java.base@17
j  java.lang.invoke.DelegatingMethodHandle$Holder.delegate(Ljava/lang/Object;Ljava/lang/Object;Ljava/lang/Object;Ljava/lang/Object;Ljava/lang/Object;Ljava/lang/Object;)Ljava/lang/Object;+21 java.base@17
j  java.lang.invoke.Invokers$Holder.invokeExact_MT(Ljava/lang/Object;Ljava/lang/Object;Ljava/lang/Object;Ljava/lang/Object;Ljava/lang/Object;Ljava/lang/Object;Ljava/lang/Object;)Ljava/lang/Object;+26 java.base@17
j  java.lang.invoke.BootstrapMethodInvoker.invoke(Ljava/lang/Class;Ljava/lang/invoke/MethodHandle;Ljava/lang/String;Ljava/lang/Object;Ljava/lang/Object;Ljava/lang/Class;)Ljava/lang/Object;+157 java.base@17
j  java.lang.invoke.CallSite.makeSite(Ljava/lang/invoke/MethodHandle;Ljava/lang/String;Ljava/lang/invoke/MethodType;Ljava/lang/Object;Ljava/lang/Class;)Ljava/lang/invoke/CallSite;+8 java.base@17
j  java.lang.invoke.MethodHandleNatives.linkCallSiteImpl(Ljava/lang/Class;Ljava/lang/invoke/MethodHandle;Ljava/lang/String;Ljava/lang/invoke/MethodType;Ljava/lang/Object;[Ljava/lang/Object;)Ljava/lang/invoke/MemberName;+6 java.base@17
j  java.lang.invoke.MethodHandleNatives.linkCallSite(Ljava/lang/Object;ILjava/lang/Object;Ljava/lang/Object;Ljava/lang/Object;Ljava/lang/Object;[Ljava/lang/Object;)Ljava/lang/invoke/MemberName;+46 java.base@17
v  ~StubRoutines::call_stub
j  org.springframework.util.StringUtils.cleanPath(Ljava/lang/String;)Ljava/lang/String;+94
j  org.springframework.core.io.UrlResource.getFilename()Ljava/lang/String;+37
j  org.springframework.core.io.support.PropertiesLoaderUtils.fillProperties(Ljava/util/Properties;Lorg/springframework/core/io/Resource;)V+8
j  org.springframework.core.io.support.PropertiesLoaderUtils.loadProperties(Lorg/springframework/core/io/Resource;)Ljava/util/Properties;+10
j  org.springframework.core.io.support.SpringFactoriesLoader.loadFactoriesResource(Ljava/lang/ClassLoader;Ljava/lang/String;)Ljava/util/Map;+43
j  org.springframework.core.io.support.SpringFactoriesLoader.lambda$forResourceLocation$2(Ljava/lang/ClassLoader;Ljava/lang/ClassLoader;Ljava/lang/String;Ljava/lang/String;)Lorg/springframework/core/io/support/SpringFactoriesLoader;+7
j  org.springframework.core.io.support.SpringFactoriesLoader$$Lambda$10+0x0000000800c26278.apply(Ljava/lang/Object;)Ljava/lang/Object;+16
j  java.util.concurrent.ConcurrentMap.computeIfAbsent(Ljava/lang/Object;Ljava/util/function/Function;)Ljava/lang/Object;+19 java.base@17
j  org.springframework.core.io.support.SpringFactoriesLoader.forResourceLocation(Ljava/lang/String;Ljava/lang/ClassLoader;)Lorg/springframework/core/io/support/SpringFactoriesLoader;+48
j  org.springframework.core.io.support.SpringFactoriesLoader.forDefaultResourceLocation(Ljava/lang/ClassLoader;)Lorg/springframework/core/io/support/SpringFactoriesLoader;+3
j  org.springframework.boot.SpringApplication.getSpringFactoriesInstances(Ljava/lang/Class;Lorg/springframework/core/io/support/SpringFactoriesLoader$ArgumentResolver;)Ljava/util/List;+4
j  org.springframework.boot.SpringApplication.getSpringFactoriesInstances(Ljava/lang/Class;)Ljava/util/List;+3
j  org.springframework.boot.SpringApplication.<init>(Lorg/springframework/core/io/ResourceLoader;[Ljava/lang/Class;)V+119
j  org.springframework.boot.SpringApplication.<init>([Ljava/lang/Class;)V+3
j  org.springframework.boot.SpringApplication.run([Ljava/lang/Class;[Ljava/lang/String;)Lorg/springframework/context/ConfigurableApplicationContext;+5
j  org.springframework.boot.SpringApplication.run(Ljava/lang/Class;[Ljava/lang/String;)Lorg/springframework/context/ConfigurableApplicationContext;+9
j  com.pplbo.promotion.PromotionApplication.main([Ljava/lang/String;)V+3
v  ~StubRoutines::call_stub

---------------  P R O C E S S  ---------------

Threads class SMR info:
_java_thread_list=0x00000221e6a6dd20, length=12, elements={
0x00000221d7019cd0, 0x00000221d70bcb60, 0x00000221d70bd9d0, 0x00000221e5a11730,
0x00000221e5a14370, 0x00000221e5a16c40, 0x00000221e5a17500, 0x00000221e5a17e70,
0x00000221e5a1a780, 0x00000221e643cf80, 0x00000221e643e890, 0x00000221e6a796f0
}

Java Threads: ( => current thread )
=>0x00000221d7019cd0 JavaThread "main" [_thread_in_vm, id=17944, stack(0x00000037ae400000,0x00000037ae500000)]
  0x00000221d70bcb60 JavaThread "Reference Handler" daemon [_thread_blocked, id=3388, stack(0x00000037aeb00000,0x00000037aec00000)]
  0x00000221d70bd9d0 JavaThread "Finalizer" daemon [_thread_blocked, id=11792, stack(0x00000037aec00000,0x00000037aed00000)]
  0x00000221e5a11730 JavaThread "Signal Dispatcher" daemon [_thread_blocked, id=1908, stack(0x00000037aed00000,0x00000037aee00000)]
  0x00000221e5a14370 JavaThread "Attach Listener" daemon [_thread_blocked, id=10728, stack(0x00000037aee00000,0x00000037aef00000)]
  0x00000221e5a16c40 JavaThread "Service Thread" daemon [_thread_blocked, id=1132, stack(0x00000037aef00000,0x00000037af000000)]
  0x00000221e5a17500 JavaThread "Monitor Deflation Thread" daemon [_thread_blocked, id=13316, stack(0x00000037af000000,0x00000037af100000)]
  0x00000221e5a17e70 JavaThread "C1 CompilerThread0" daemon [_thread_blocked, id=1472, stack(0x00000037af100000,0x00000037af200000)]
  0x00000221e5a1a780 JavaThread "Sweeper thread" daemon [_thread_blocked, id=15432, stack(0x00000037af200000,0x00000037af300000)]
  0x00000221e643cf80 JavaThread "Notification Thread" daemon [_thread_blocked, id=14648, stack(0x00000037af300000,0x00000037af400000)]
  0x00000221e643e890 JavaThread "Common-Cleaner" daemon [_thread_blocked, id=1664, stack(0x00000037af500000,0x00000037af600000)]
  0x00000221e6a796f0 JavaThread "C1 CompilerThread1" daemon [_thread_blocked, id=10860, stack(0x00000037af700000,0x00000037af800000)]

Other Threads:
  0x00000221d70b57b0 VMThread "VM Thread" [stack: 0x00000037aea00000,0x00000037aeb00000] [id=10100] _threads_hazard_ptr=0x00000221e6a6dd20
  0x00000221e643e460 WatcherThread [stack: 0x00000037af400000,0x00000037af500000] [id=3732]
  0x00000221d7044dd0 GCTaskThread "GC Thread#0" [stack: 0x00000037ae500000,0x00000037ae600000] [id=10000]
  0x00000221e659ac90 GCTaskThread "GC Thread#1" [stack: 0x00000037af600000,0x00000037af700000] [id=10720]
  0x00000221d704f7b0 ConcurrentGCThread "G1 Main Marker" [stack: 0x00000037ae600000,0x00000037ae700000] [id=11308]
  0x00000221d70501c0 ConcurrentGCThread "G1 Conc#0" [stack: 0x00000037ae700000,0x00000037ae800000] [id=12336]
  0x00000221d7082f30 ConcurrentGCThread "G1 Refine#0" [stack: 0x00000037ae800000,0x00000037ae900000] [id=2756]
  0x00000221d7083950 ConcurrentGCThread "G1 Service" [stack: 0x00000037ae900000,0x00000037aea00000] [id=17416]

Threads with active compile tasks:

VM state: synchronizing (normal execution)

VM Mutex/Monitor currently owned by a thread:  ([mutex/lock_event])
[0x00000221d7009af0] Metaspace_lock - owner thread: 0x00000221d7019cd0
[0x00000221d7015390] Threads_lock - owner thread: 0x00000221d70b57b0

Heap address: 0x00000000c2c00000, size: 980 MB, Compressed Oops mode: 32-bit

CDS archive(s) mapped at: [0x0000000800000000-0x0000000800bc0000-0x0000000800bc0000), size 12320768, SharedBaseAddress: 0x0000000800000000, ArchiveRelocationMode: 0.
Compressed class space mapped at: 0x0000000800c00000-0x0000000840c00000, reserved size: 1073741824
Narrow klass base: 0x0000000800000000, Narrow klass shift: 0, Narrow klass range: 0x100000000

GC Precious Log:
 CPUs: 2 total, 2 available
 Memory: 3918M
 Large Page Support: Disabled
 NUMA Support: Disabled
 Compressed Oops: Enabled (32-bit)
 Heap Region Size: 1M
 Heap Min Capacity: 8M
 Heap Initial Capacity: 62M
 Heap Max Capacity: 980M
 Pre-touch: Disabled
 Parallel Workers: 2
 Concurrent Workers: 1
 Concurrent Refinement Workers: 2
 Periodic GC: Disabled

Heap:
 garbage-first heap   total 63488K, used 10802K [0x00000000c2c00000, 0x0000000100000000)
  region size 1024K, 7 young (7168K), 1 survivors (1024K)
 Metaspace       used 2170K, committed 2304K, reserved 1056768K
  class space    used 254K, committed 320K, reserved 1048576K

Heap Regions: E=young(eden), S=young(survivor), O=old, HS=humongous(starts), HC=humongous(continues), CS=collection set, F=free, OA=open archive, CA=closed archive, TAMS=top-at-mark-start (previous, next)
|   0|0x00000000c2c00000, 0x00000000c2d00000, 0x00000000c2d00000|100%|HS|  |TAMS 0x00000000c2c00000, 0x00000000c2c00000| Complete 
|   1|0x00000000c2d00000, 0x00000000c2e00000, 0x00000000c2e00000|100%| O|  |TAMS 0x00000000c2d00000, 0x00000000c2d00000| Untracked 
|   2|0x00000000c2e00000, 0x00000000c2f00000, 0x00000000c2f00000|100%| O|  |TAMS 0x00000000c2e00000, 0x00000000c2e00000| Untracked 
|   3|0x00000000c2f00000, 0x00000000c3000000, 0x00000000c3000000|100%| O|  |TAMS 0x00000000c2f00000, 0x00000000c2f00000| Untracked 
|   4|0x00000000c3000000, 0x00000000c308c800, 0x00000000c3100000| 54%| O|  |TAMS 0x00000000c3000000, 0x00000000c3000000| Untracked 
|   5|0x00000000c3100000, 0x00000000c3100000, 0x00000000c3200000|  0%| F|  |TAMS 0x00000000c3100000, 0x00000000c3100000| Untracked 
|   6|0x00000000c3200000, 0x00000000c3200000, 0x00000000c3300000|  0%| F|  |TAMS 0x00000000c3200000, 0x00000000c3200000| Untracked 
|   7|0x00000000c3300000, 0x00000000c3300000, 0x00000000c3400000|  0%| F|  |TAMS 0x00000000c3300000, 0x00000000c3300000| Untracked 
|   8|0x00000000c3400000, 0x00000000c3400000, 0x00000000c3500000|  0%| F|  |TAMS 0x00000000c3400000, 0x00000000c3400000| Untracked 
|   9|0x00000000c3500000, 0x00000000c3500000, 0x00000000c3600000|  0%| F|  |TAMS 0x00000000c3500000, 0x00000000c3500000| Untracked 
|  10|0x00000000c3600000, 0x00000000c3600000, 0x00000000c3700000|  0%| F|  |TAMS 0x00000000c3600000, 0x00000000c3600000| Untracked 
|  11|0x00000000c3700000, 0x00000000c3700000, 0x00000000c3800000|  0%| F|  |TAMS 0x00000000c3700000, 0x00000000c3700000| Untracked 
|  12|0x00000000c3800000, 0x00000000c3800000, 0x00000000c3900000|  0%| F|  |TAMS 0x00000000c3800000, 0x00000000c3800000| Untracked 
|  13|0x00000000c3900000, 0x00000000c3900000, 0x00000000c3a00000|  0%| F|  |TAMS 0x00000000c3900000, 0x00000000c3900000| Untracked 
|  14|0x00000000c3a00000, 0x00000000c3a00000, 0x00000000c3b00000|  0%| F|  |TAMS 0x00000000c3a00000, 0x00000000c3a00000| Untracked 
|  15|0x00000000c3b00000, 0x00000000c3b00000, 0x00000000c3c00000|  0%| F|  |TAMS 0x00000000c3b00000, 0x00000000c3b00000| Untracked 
|  16|0x00000000c3c00000, 0x00000000c3c00000, 0x00000000c3d00000|  0%| F|  |TAMS 0x00000000c3c00000, 0x00000000c3c00000| Untracked 
|  17|0x00000000c3d00000, 0x00000000c3d00000, 0x00000000c3e00000|  0%| F|  |TAMS 0x00000000c3d00000, 0x00000000c3d00000| Untracked 
|  18|0x00000000c3e00000, 0x00000000c3e00000, 0x00000000c3f00000|  0%| F|  |TAMS 0x00000000c3e00000, 0x00000000c3e00000| Untracked 
|  19|0x00000000c3f00000, 0x00000000c3f00000, 0x00000000c4000000|  0%| F|  |TAMS 0x00000000c3f00000, 0x00000000c3f00000| Untracked 
|  20|0x00000000c4000000, 0x00000000c4000000, 0x00000000c4100000|  0%| F|  |TAMS 0x00000000c4000000, 0x00000000c4000000| Untracked 
|  21|0x00000000c4100000, 0x00000000c4100000, 0x00000000c4200000|  0%| F|  |TAMS 0x00000000c4100000, 0x00000000c4100000| Untracked 
|  22|0x00000000c4200000, 0x00000000c4200000, 0x00000000c4300000|  0%| F|  |TAMS 0x00000000c4200000, 0x00000000c4200000| Untracked 
|  23|0x00000000c4300000, 0x00000000c4300000, 0x00000000c4400000|  0%| F|  |TAMS 0x00000000c4300000, 0x00000000c4300000| Untracked 
|  24|0x00000000c4400000, 0x00000000c4400000, 0x00000000c4500000|  0%| F|  |TAMS 0x00000000c4400000, 0x00000000c4400000| Untracked 
|  25|0x00000000c4500000, 0x00000000c4500000, 0x00000000c4600000|  0%| F|  |TAMS 0x00000000c4500000, 0x00000000c4500000| Untracked 
|  26|0x00000000c4600000, 0x00000000c4600000, 0x00000000c4700000|  0%| F|  |TAMS 0x00000000c4600000, 0x00000000c4600000| Untracked 
|  27|0x00000000c4700000, 0x00000000c4700000, 0x00000000c4800000|  0%| F|  |TAMS 0x00000000c4700000, 0x00000000c4700000| Untracked 
|  28|0x00000000c4800000, 0x00000000c4800000, 0x00000000c4900000|  0%| F|  |TAMS 0x00000000c4800000, 0x00000000c4800000| Untracked 
|  29|0x00000000c4900000, 0x00000000c4900000, 0x00000000c4a00000|  0%| F|  |TAMS 0x00000000c4900000, 0x00000000c4900000| Untracked 
|  30|0x00000000c4a00000, 0x00000000c4a00000, 0x00000000c4b00000|  0%| F|  |TAMS 0x00000000c4a00000, 0x00000000c4a00000| Untracked 
|  31|0x00000000c4b00000, 0x00000000c4b00000, 0x00000000c4c00000|  0%| F|  |TAMS 0x00000000c4b00000, 0x00000000c4b00000| Untracked 
|  32|0x00000000c4c00000, 0x00000000c4c00000, 0x00000000c4d00000|  0%| F|  |TAMS 0x00000000c4c00000, 0x00000000c4c00000| Untracked 
|  33|0x00000000c4d00000, 0x00000000c4d00000, 0x00000000c4e00000|  0%| F|  |TAMS 0x00000000c4d00000, 0x00000000c4d00000| Untracked 
|  34|0x00000000c4e00000, 0x00000000c4e00000, 0x00000000c4f00000|  0%| F|  |TAMS 0x00000000c4e00000, 0x00000000c4e00000| Untracked 
|  35|0x00000000c4f00000, 0x00000000c4f00000, 0x00000000c5000000|  0%| F|  |TAMS 0x00000000c4f00000, 0x00000000c4f00000| Untracked 
|  36|0x00000000c5000000, 0x00000000c5000000, 0x00000000c5100000|  0%| F|  |TAMS 0x00000000c5000000, 0x00000000c5000000| Untracked 
|  37|0x00000000c5100000, 0x00000000c5100000, 0x00000000c5200000|  0%| F|  |TAMS 0x00000000c5100000, 0x00000000c5100000| Untracked 
|  38|0x00000000c5200000, 0x00000000c5200000, 0x00000000c5300000|  0%| F|  |TAMS 0x00000000c5200000, 0x00000000c5200000| Untracked 
|  39|0x00000000c5300000, 0x00000000c5300000, 0x00000000c5400000|  0%| F|  |TAMS 0x00000000c5300000, 0x00000000c5300000| Untracked 
|  40|0x00000000c5400000, 0x00000000c5400000, 0x00000000c5500000|  0%| F|  |TAMS 0x00000000c5400000, 0x00000000c5400000| Untracked 
|  41|0x00000000c5500000, 0x00000000c5500000, 0x00000000c5600000|  0%| F|  |TAMS 0x00000000c5500000, 0x00000000c5500000| Untracked 
|  42|0x00000000c5600000, 0x00000000c5600000, 0x00000000c5700000|  0%| F|  |TAMS 0x00000000c5600000, 0x00000000c5600000| Untracked 
|  43|0x00000000c5700000, 0x00000000c5700000, 0x00000000c5800000|  0%| F|  |TAMS 0x00000000c5700000, 0x00000000c5700000| Untracked 
|  44|0x00000000c5800000, 0x00000000c5800000, 0x00000000c5900000|  0%| F|  |TAMS 0x00000000c5800000, 0x00000000c5800000| Untracked 
|  45|0x00000000c5900000, 0x00000000c5900000, 0x00000000c5a00000|  0%| F|  |TAMS 0x00000000c5900000, 0x00000000c5900000| Untracked 
|  46|0x00000000c5a00000, 0x00000000c5a00000, 0x00000000c5b00000|  0%| F|  |TAMS 0x00000000c5a00000, 0x00000000c5a00000| Untracked 
|  47|0x00000000c5b00000, 0x00000000c5b00000, 0x00000000c5c00000|  0%| F|  |TAMS 0x00000000c5b00000, 0x00000000c5b00000| Untracked 
|  48|0x00000000c5c00000, 0x00000000c5c00000, 0x00000000c5d00000|  0%| F|  |TAMS 0x00000000c5c00000, 0x00000000c5c00000| Untracked 
|  49|0x00000000c5d00000, 0x00000000c5d00000, 0x00000000c5e00000|  0%| F|  |TAMS 0x00000000c5d00000, 0x00000000c5d00000| Untracked 
|  50|0x00000000c5e00000, 0x00000000c5e00000, 0x00000000c5f00000|  0%| F|  |TAMS 0x00000000c5e00000, 0x00000000c5e00000| Untracked 
|  51|0x00000000c5f00000, 0x00000000c5f00000, 0x00000000c6000000|  0%| F|  |TAMS 0x00000000c5f00000, 0x00000000c5f00000| Untracked 
|  52|0x00000000c6000000, 0x00000000c6000000, 0x00000000c6100000|  0%| F|  |TAMS 0x00000000c6000000, 0x00000000c6000000| Untracked 
|  53|0x00000000c6100000, 0x00000000c6100000, 0x00000000c6200000|  0%| F|  |TAMS 0x00000000c6100000, 0x00000000c6100000| Untracked 
|  54|0x00000000c6200000, 0x00000000c6200000, 0x00000000c6300000|  0%| F|  |TAMS 0x00000000c6200000, 0x00000000c6200000| Untracked 
|  55|0x00000000c6300000, 0x00000000c6388f50, 0x00000000c6400000| 53%| E|  |TAMS 0x00000000c6300000, 0x00000000c6300000| Complete 
|  56|0x00000000c6400000, 0x00000000c6500000, 0x00000000c6500000|100%| E|CS|TAMS 0x00000000c6400000, 0x00000000c6400000| Complete 
|  57|0x00000000c6500000, 0x00000000c6600000, 0x00000000c6600000|100%| E|CS|TAMS 0x00000000c6500000, 0x00000000c6500000| Complete 
|  58|0x00000000c6600000, 0x00000000c6700000, 0x00000000c6700000|100%| S|CS|TAMS 0x00000000c6600000, 0x00000000c6600000| Complete 
|  59|0x00000000c6700000, 0x00000000c6800000, 0x00000000c6800000|100%| E|CS|TAMS 0x00000000c6700000, 0x00000000c6700000| Complete 
|  60|0x00000000c6800000, 0x00000000c6900000, 0x00000000c6900000|100%| E|CS|TAMS 0x00000000c6800000, 0x00000000c6800000| Complete 
|  61|0x00000000c6900000, 0x00000000c6a00000, 0x00000000c6a00000|100%| E|CS|TAMS 0x00000000c6900000, 0x00000000c6900000| Complete 

Card table byte_map: [0x00000221d6be0000,0x00000221d6dd0000] _byte_map_base: 0x00000221d65ca000

Marking Bits (Prev, Next): (CMBitMap*) 0x00000221d7047400, (CMBitMap*) 0x00000221d7047440
 Prev Bits: [0x00000221e1800000, 0x00000221e2750000)
 Next Bits: [0x00000221e2750000, 0x00000221e36a0000)

Polling page: 0x00000221d4e80000

Metaspace:

Usage:
  Non-class:      1.87 MB used.
      Class:    254.01 KB used.
       Both:      2.12 MB used.

Virtual space:
  Non-class space:        8.00 MB reserved,       1.94 MB ( 24%) committed,  1 nodes.
      Class space:        1.00 GB reserved,     320.00 KB ( <1%) committed,  1 nodes.
             Both:        1.01 GB reserved,       2.25 MB ( <1%) committed. 

Chunk freelists:
   Non-Class:  3.00 MB
       Class:  3.60 MB
        Both:  6.60 MB

MaxMetaspaceSize: unlimited
CompressedClassSpaceSize: 1.00 GB
Initial GC threshold: 21.00 MB
Current GC threshold: 21.00 MB
CDS: on
MetaspaceReclaimPolicy: balanced
 - commit_granule_bytes: 65536.
 - commit_granule_words: 8192.
 - virtual_space_node_default_size: 1048576.
 - enlarge_chunks_in_place: 1.
 - new_chunks_are_fully_committed: 0.
 - uncommit_free_chunks: 1.
 - use_allocation_guard: 0.
 - handle_deallocations: 1.


Internal statistics:

num_allocs_failed_limit: 0.
num_arena_births: 60.
num_arena_deaths: 0.
num_vsnodes_births: 2.
num_vsnodes_deaths: 0.
num_space_committed: 36.
num_space_uncommitted: 0.
num_chunks_returned_to_freelist: 0.
num_chunks_taken_from_freelist: 119.
num_chunk_merges: 0.
num_chunk_splits: 75.
num_chunks_enlarged: 52.
num_purges: 0.
num_inconsistent_stats: 0.

CodeCache: size=49152Kb used=2615Kb max_used=2615Kb free=46536Kb
 bounds [0x00000221de800000, 0x00000221dea90000, 0x00000221e1800000]
 total_blobs=1057 nmethods=649 adapters=336
 compilation: enabled
              stopped_count=0, restarted_count=0
 full_count=0

Compilation events (20 events):
Event: 5.601 Thread 0x00000221e5a17e70  638       1       java.net.URLStreamHandler::toExternalForm (156 bytes)
Event: 5.603 Thread 0x00000221e5a17e70 nmethod 638 0x00000221dea89710 code [0x00000221dea89a00, 0x00000221dea8a558]
Event: 5.605 Thread 0x00000221e6a796f0  639       1       java.lang.invoke.MethodHandles$Lookup::lookupClass (5 bytes)
Event: 5.605 Thread 0x00000221e6a796f0 nmethod 639 0x00000221dea8aa90 code [0x00000221dea8ac20, 0x00000221dea8acf8]
Event: 5.606 Thread 0x00000221e5a17e70  640       1       java.lang.invoke.MethodTypeForm::canonicalizeAll (63 bytes)
Event: 5.606 Thread 0x00000221e5a17e70 nmethod 640 0x00000221dea8ad90 code [0x00000221dea8af40, 0x00000221dea8b218]
Event: 5.606 Thread 0x00000221e6a796f0  641       1       java.lang.StringBuilder::<init> (6 bytes)
Event: 5.606 Thread 0x00000221e6a796f0 nmethod 641 0x00000221dea8b390 code [0x00000221dea8b520, 0x00000221dea8b608]
Event: 5.607 Thread 0x00000221e5a17e70  642       1       jdk.internal.org.objectweb.asm.ByteVector::putInt (74 bytes)
Event: 5.607 Thread 0x00000221e5a17e70 nmethod 642 0x00000221dea8b690 code [0x00000221dea8b820, 0x00000221dea8b9c8]
Event: 5.608 Thread 0x00000221e6a796f0  644       1       java.lang.invoke.LambdaForm::forceInterpretation (14 bytes)
Event: 5.608 Thread 0x00000221e6a796f0 nmethod 644 0x00000221dea8be10 code [0x00000221dea8bfa0, 0x00000221dea8c078]
Event: 5.608 Thread 0x00000221e5a17e70  645       1       java.lang.invoke.MethodHandles$Lookup::lookupClassOrNull (17 bytes)
Event: 5.608 Thread 0x00000221e5a17e70 nmethod 645 0x00000221dea8c110 code [0x00000221dea8c2a0, 0x00000221dea8c398]
Event: 5.608 Thread 0x00000221e6a796f0  648       1       java.lang.invoke.MemberName::getMethodOrFieldType (72 bytes)
Event: 5.611 Thread 0x00000221e6a796f0 nmethod 648 0x00000221dea8ca10 code [0x00000221dea8cc80, 0x00000221dea8d3e8]
Event: 5.703 Thread 0x00000221e5a17e70  649       1       java.lang.ref.SoftReference::get (29 bytes)
Event: 5.703 Thread 0x00000221e5a17e70 nmethod 649 0x00000221dea8d790 code [0x00000221dea8d920, 0x00000221dea8da38]
Event: 5.705 Thread 0x00000221e6a796f0  650       1       java.util.concurrent.ConcurrentHashMap$Node::<init> (14 bytes)
Event: 5.705 Thread 0x00000221e6a796f0 nmethod 650 0x00000221dea8da90 code [0x00000221dea8dc20, 0x00000221dea8de18]

GC Heap History (4 events):
Event: 3.089 GC heap before
{Heap before GC invocations=0 (full 0):
 garbage-first heap   total 63488K, used 6144K [0x00000000c2c00000, 0x0000000100000000)
  region size 1024K, 6 young (6144K), 0 survivors (0K)
 Metaspace       used 360K, committed 512K, reserved 1056768K
  class space    used 34K, committed 128K, reserved 1048576K
}
Event: 3.415 GC heap after
{Heap after GC invocations=1 (full 0):
 garbage-first heap   total 63488K, used 3935K [0x00000000c2c00000, 0x0000000100000000)
  region size 1024K, 1 young (1024K), 1 survivors (1024K)
 Metaspace       used 360K, committed 512K, reserved 1056768K
  class space    used 34K, committed 128K, reserved 1048576K
}
Event: 3.891 GC heap before
{Heap before GC invocations=1 (full 0):
 garbage-first heap   total 63488K, used 7007K [0x00000000c2c00000, 0x0000000100000000)
  region size 1024K, 4 young (4096K), 1 survivors (1024K)
 Metaspace       used 834K, committed 960K, reserved 1056768K
  class space    used 70K, committed 128K, reserved 1048576K
}
Event: 3.895 GC heap after
{Heap after GC invocations=2 (full 0):
 garbage-first heap   total 63488K, used 5682K [0x00000000c2c00000, 0x0000000100000000)
  region size 1024K, 1 young (1024K), 1 survivors (1024K)
 Metaspace       used 834K, committed 960K, reserved 1056768K
  class space    used 70K, committed 128K, reserved 1048576K
}

Deoptimization events (2 events):
Event: 3.793 Thread 0x00000221d7019cd0 DEOPT PACKING pc=0x00000221de958d85 sp=0x00000037ae4fde50
Event: 3.793 Thread 0x00000221d7019cd0 DEOPT UNPACKING pc=0x00000221de852b24 sp=0x00000037ae4fd3b0 mode 3

Classes unloaded (0 events):
No events

Classes redefined (0 events):
No events

Internal exceptions (6 events):
Event: 3.792 Thread 0x00000221d7019cd0 Implicit null exception at 0x00000221de9586c3 to 0x00000221de958d80
Event: 4.059 Thread 0x00000221d7019cd0 Exception <a 'java/lang/ClassNotFoundException'{0x00000000c6815fe8}: javax/smartcardio/CardPermission> (0x00000000c6815fe8) 
thrown [t:\workspace\open\src\hotspot\share\classfile\systemDictionary.cpp, line 256]
Event: 4.064 Thread 0x00000221d7019cd0 Exception <a 'java/io/FileNotFoundException'{0x00000000c682e4e8}> (0x00000000c682e4e8) 
thrown [t:\workspace\open\src\hotspot\share\prims\jni.cpp, line 516]
Event: 4.709 Thread 0x00000221d7019cd0 Exception <a 'java/lang/NoSuchMethodError'{0x00000000c68ba818}: 'java.lang.Object java.lang.invoke.DirectMethodHandle$Holder.invokeSpecial(java.lang.Object, java.lang.Object, java.lang.Object, long, java.lang.Object)'> (0x00000000c68ba818) 
thrown [t:\workspace\open\src\hotspot\share\interpreter\linkResolver.cpp, line 766]
Event: 4.710 Thread 0x00000221d7019cd0 Exception <a 'java/lang/NoSuchMethodError'{0x00000000c68be4b8}: 'java.lang.Object java.lang.invoke.Invokers$Holder.linkToTargetMethod(java.lang.Object, long, java.lang.Object, java.lang.Object)'> (0x00000000c68be4b8) 
thrown [t:\workspace\open\src\hotspot\share\interpreter\linkResolver.cpp, line 766]
Event: 5.493 Thread 0x00000221d7019cd0 Exception <a 'java/lang/NoSuchMethodError'{0x00000000c630ade0}: 'void java.lang.invoke.DirectMethodHandle$Holder.invokeStatic(java.lang.Object, java.lang.Object, java.lang.Object, java.lang.Object)'> (0x00000000c630ade0) 
thrown [t:\workspace\open\src\hotspot\share\interpreter\linkResolver.cpp, line 766]

VM Operations (16 events):
Event: 1.842 Executing VM operation: Cleanup
Event: 1.842 Executing VM operation: Cleanup done
Event: 2.722 Executing VM operation: HandshakeAllThreads
Event: 2.722 Executing VM operation: HandshakeAllThreads done
Event: 3.088 Executing VM operation: G1CollectForAllocation
Event: 3.415 Executing VM operation: G1CollectForAllocation done
Event: 3.699 Executing VM operation: HandshakeAllThreads
Event: 3.699 Executing VM operation: HandshakeAllThreads done
Event: 3.791 Executing VM operation: HandshakeAllThreads
Event: 3.791 Executing VM operation: HandshakeAllThreads done
Event: 3.891 Executing VM operation: G1CollectForAllocation
Event: 3.895 Executing VM operation: G1CollectForAllocation done
Event: 4.899 Executing VM operation: Cleanup
Event: 4.912 Executing VM operation: Cleanup done
Event: 5.260 Executing VM operation: HandshakeAllThreads
Event: 5.260 Executing VM operation: HandshakeAllThreads done

Events (20 events):
Event: 5.251 loading class java/lang/IllegalAccessError
Event: 5.251 loading class java/lang/IllegalAccessError done
Event: 5.317 loading class java/util/IdentityHashMap$EntrySet
Event: 5.317 loading class java/util/IdentityHashMap$EntrySet done
Event: 5.317 loading class java/util/IdentityHashMap$EntryIterator
Event: 5.318 loading class java/util/IdentityHashMap$EntryIterator done
Event: 5.318 loading class java/util/IdentityHashMap$EntryIterator$Entry
Event: 5.319 loading class java/util/IdentityHashMap$EntryIterator$Entry done
Event: 5.320 loading class java/util/IdentityHashMap$ValueIterator
Event: 5.321 loading class java/util/IdentityHashMap$ValueIterator done
Event: 5.699 loading class java/net/URISyntaxException
Event: 5.700 loading class java/net/URISyntaxException done
Event: 5.701 loading class java/nio/file/NoSuchFileException
Event: 5.701 loading class java/nio/file/FileSystemException
Event: 5.701 loading class java/nio/file/FileSystemException done
Event: 5.701 loading class java/nio/file/NoSuchFileException done
Event: 5.702 loading class java/io/UncheckedIOException
Event: 5.702 loading class java/io/UncheckedIOException done
Event: 5.707 loading class java/net/HttpURLConnection
Event: 5.710 loading class java/net/HttpURLConnection done


Dynamic libraries:
0x00007ff78f6b0000 - 0x00007ff78f6c0000 	C:\Program Files\Java\jdk-17\bin\java.exe
0x00007ffee8310000 - 0x00007ffee8527000 	C:\WINDOWS\SYSTEM32\ntdll.dll
0x00007ffee6c40000 - 0x00007ffee6d04000 	C:\WINDOWS\System32\KERNEL32.DLL
0x00007ffee5c00000 - 0x00007ffee5fac000 	C:\WINDOWS\System32\KERNELBASE.dll
0x00007ffee57d0000 - 0x00007ffee58e1000 	C:\WINDOWS\System32\ucrtbase.dll
0x00007ffeb3330000 - 0x00007ffeb3348000 	C:\Program Files\Java\jdk-17\bin\jli.dll
0x00007ffee66d0000 - 0x00007ffee6782000 	C:\WINDOWS\System32\ADVAPI32.dll
0x00007ffee77d0000 - 0x00007ffee7877000 	C:\WINDOWS\System32\msvcrt.dll
0x00007ffee7610000 - 0x00007ffee76b8000 	C:\WINDOWS\System32\sechost.dll
0x00007ffee57a0000 - 0x00007ffee57c8000 	C:\WINDOWS\System32\bcrypt.dll
0x00007ffee69c0000 - 0x00007ffee6ad5000 	C:\WINDOWS\System32\RPCRT4.dll
0x00007ffee7880000 - 0x00007ffee7a2e000 	C:\WINDOWS\System32\USER32.dll
0x00007ffee5640000 - 0x00007ffee5666000 	C:\WINDOWS\System32\win32u.dll
0x00007ffee61c0000 - 0x00007ffee61e9000 	C:\WINDOWS\System32\GDI32.dll
0x00007ffee58f0000 - 0x00007ffee5a09000 	C:\WINDOWS\System32\gdi32full.dll
0x00007ffee5fb0000 - 0x00007ffee604a000 	C:\WINDOWS\System32\msvcp_win.dll
0x00007ffeb3310000 - 0x00007ffeb332a000 	C:\Program Files\Java\jdk-17\bin\VCRUNTIME140.dll
0x00007ffed2840000 - 0x00007ffed2ad3000 	C:\WINDOWS\WinSxS\amd64_microsoft.windows.common-controls_6595b64144ccf1df_6.0.22621.3672_none_2713b9d173822955\COMCTL32.dll
0x00007ffed78e0000 - 0x00007ffed78ea000 	C:\WINDOWS\SYSTEM32\VERSION.dll
0x00007ffee6dc0000 - 0x00007ffee6df1000 	C:\WINDOWS\System32\IMM32.DLL
0x00007ffeae9a0000 - 0x00007ffeae9ac000 	C:\Program Files\Java\jdk-17\bin\vcruntime140_1.dll
0x00007ffeadd40000 - 0x00007ffeaddcd000 	C:\Program Files\Java\jdk-17\bin\msvcp140.dll
0x00007ffe85910000 - 0x00007ffe864ce000 	C:\Program Files\Java\jdk-17\bin\server\jvm.dll
0x00007ffee61b0000 - 0x00007ffee61b8000 	C:\WINDOWS\System32\PSAPI.DLL
0x00007ffebe3a0000 - 0x00007ffebe3a9000 	C:\WINDOWS\SYSTEM32\WSOCK32.dll
0x00007ffee6790000 - 0x00007ffee6801000 	C:\WINDOWS\System32\WS2_32.dll
0x00007ffed7110000 - 0x00007ffed7144000 	C:\WINDOWS\SYSTEM32\WINMM.dll
0x00007ffee4640000 - 0x00007ffee4658000 	C:\WINDOWS\SYSTEM32\kernel.appcore.dll
0x00007ffeadd30000 - 0x00007ffeadd3a000 	C:\Program Files\Java\jdk-17\bin\jimage.dll
0x00007ffee2f80000 - 0x00007ffee31b2000 	C:\WINDOWS\SYSTEM32\DBGHELP.DLL
0x00007ffee6340000 - 0x00007ffee66c8000 	C:\WINDOWS\System32\combase.dll
0x00007ffee7310000 - 0x00007ffee73e7000 	C:\WINDOWS\System32\OLEAUT32.dll
0x00007ffec7700000 - 0x00007ffec7732000 	C:\WINDOWS\SYSTEM32\dbgcore.DLL
0x00007ffee5b80000 - 0x00007ffee5bfb000 	C:\WINDOWS\System32\bcryptPrimitives.dll
0x00007ffeadd00000 - 0x00007ffeadd25000 	C:\Program Files\Java\jdk-17\bin\java.dll
0x00007ffeaceb0000 - 0x00007ffeacf86000 	C:\Program Files\Java\jdk-17\bin\svml.dll
0x00007ffee7a30000 - 0x00007ffee828c000 	C:\WINDOWS\System32\SHELL32.dll
0x00007ffee3540000 - 0x00007ffee3e37000 	C:\WINDOWS\SYSTEM32\windows.storage.dll
0x00007ffee3400000 - 0x00007ffee353f000 	C:\WINDOWS\SYSTEM32\wintypes.dll
0x00007ffee6240000 - 0x00007ffee6334000 	C:\WINDOWS\System32\SHCORE.dll
0x00007ffee6ae0000 - 0x00007ffee6b3e000 	C:\WINDOWS\System32\shlwapi.dll
0x00007ffee5570000 - 0x00007ffee5591000 	C:\WINDOWS\SYSTEM32\profapi.dll
0x00007ffedcfe0000 - 0x00007ffedcff9000 	C:\Program Files\Java\jdk-17\bin\net.dll
0x00007ffed75b0000 - 0x00007ffed76e6000 	C:\WINDOWS\SYSTEM32\WINHTTP.dll
0x00007ffee4aa0000 - 0x00007ffee4b09000 	C:\WINDOWS\system32\mswsock.dll
0x00007ffedcfc0000 - 0x00007ffedcfd5000 	C:\Program Files\Java\jdk-17\bin\nio.dll
0x00007ffed11a0000 - 0x00007ffed11b8000 	C:\Program Files\Java\jdk-17\bin\zip.dll

dbghelp: loaded successfully - version: 4.0.5 - missing functions: none
symbol engine: initialized successfully - sym options: 0x614 - pdb path: .;C:\Program Files\Java\jdk-17\bin;C:\WINDOWS\SYSTEM32;C:\WINDOWS\WinSxS\amd64_microsoft.windows.common-controls_6595b64144ccf1df_6.0.22621.3672_none_2713b9d173822955;C:\Program Files\Java\jdk-17\bin\server

VM Arguments:
jvm_args: -XX:TieredStopAtLevel=1 -Dfile.encoding=windows-1252 -Duser.country=US -Duser.language=en -Duser.variant 
java_command: com.pplbo.promotion.PromotionApplication
java_class_path (initial): D:\Polban\SEMESTER 6\PPLBO\E-Commerce\pplbo-e-commerce\promotion-service\build\classes\java\main;D:\Polban\SEMESTER 6\PPLBO\E-Commerce\pplbo-e-commerce\promotion-service\build\resources\main;C:\Users\ASUS\.gradle\caches\modules-2\files-2.1\org.springdoc\springdoc-openapi-starter-webmvc-ui\2.2.0\178d8ed6714d78b8b475c45bc60642a9232fcb70\springdoc-openapi-starter-webmvc-ui-2.2.0.jar;C:\Users\ASUS\.gradle\caches\modules-2\files-2.1\mysql\mysql-connector-java\8.0.28\33678b1729d4f832b9e4bcb2d5bbd67940920a7a\mysql-connector-java-8.0.28.jar;C:\Users\ASUS\.gradle\caches\modules-2\files-2.1\org.springframework.boot\spring-boot-actuator-autoconfigure\3.2.5\aa58ac33da22febe8ea6d179eb0bf3f76ed2850d\spring-boot-actuator-autoconfigure-3.2.5.jar;C:\Users\ASUS\.gradle\caches\modules-2\files-2.1\io.micrometer\micrometer-jakarta9\1.12.5\8fe03be9a51974cdb700b04c8df5378f8566c179\micrometer-jakarta9-1.12.5.jar;C:\Users\ASUS\.gradle\caches\modules-2\files-2.1\org.springdoc\springdoc-openapi-starter-webmvc-api\2.2.0\3a7a3a7ecd2537203961d83cabc6d642f294ddb\springdoc-openapi-starter-webmvc-api-2.2.0.jar;C:\Users\ASUS\.gradle\caches\modules-2\files-2.1\org.springframework\spring-webmvc\6.1.6\ef1f76db6d94bac428839cb91fa59235c8356e56\spring-webmvc-6.1.6.jar;C:\Users\ASUS\.gradle\caches\modules-2\files-2.1\org.springframework\spring-web\6.1.6\49a32e3497fe39550da3b280bda5d9933ae2d51d\spring-web-6.1.6.jar;C:\Users\ASUS\.gradle\caches\modules-2\files-2.1\io.micrometer\micrometer-core\1.12.5\ee49ea9ec34c3d4aa1417a46ce8017f15513b5af\micrometer-core-1.12.5.jar;C:\Users\ASUS\.gradle\caches\modules-2\files-2.1\org.springframework.data\spring-data-jpa\3.2.5\f5c674caedc0132c7865b9a2edaa04b8f5351262\spring-data-jpa-3.2.5.jar;C:\Users\ASUS\.gradle\caches\modules-2\files-2.1\org.springdoc\springdoc-openapi-starter-common\2.2.0\352343daae911b5d95c718c4a3c461cf94b4707b\springdoc-openapi-starter-common-2.2.0.jar;C:\Users\ASUS\.gradle\caches\modules-2\files-2.1\org.springframework.bo
Launcher Type: SUN_STANDARD

[Global flags]
     intx CICompilerCount                          = 2                                         {product} {ergonomic}
     uint ConcGCThreads                            = 1                                         {product} {ergonomic}
     uint G1ConcRefinementThreads                  = 2                                         {product} {ergonomic}
   size_t G1HeapRegionSize                         = 1048576                                   {product} {ergonomic}
    uintx GCDrainStackTargetSize                   = 64                                        {product} {ergonomic}
   size_t InitialHeapSize                          = 65011712                                  {product} {ergonomic}
   size_t MarkStackSize                            = 4194304                                   {product} {ergonomic}
   size_t MaxHeapSize                              = 1027604480                                {product} {ergonomic}
   size_t MaxNewSize                               = 616562688                                 {product} {ergonomic}
   size_t MinHeapDeltaBytes                        = 1048576                                   {product} {ergonomic}
   size_t MinHeapSize                              = 8388608                                   {product} {ergonomic}
    uintx NonProfiledCodeHeapSize                  = 0                                      {pd product} {ergonomic}
     bool ProfileInterpreter                       = false                                  {pd product} {command line}
    uintx ProfiledCodeHeapSize                     = 0                                      {pd product} {ergonomic}
   size_t SoftMaxHeapSize                          = 1027604480                             {manageable} {ergonomic}
     intx TieredStopAtLevel                        = 1                                         {product} {command line}
     bool UseCompressedClassPointers               = true                           {product lp64_product} {ergonomic}
     bool UseCompressedOops                        = true                           {product lp64_product} {ergonomic}
     bool UseG1GC                                  = true                                      {product} {ergonomic}
     bool UseLargePagesIndividualAllocation        = false                                  {pd product} {ergonomic}

Logging:
Log output configuration:
 #0: stdout all=warning uptime,level,tags
 #1: stderr all=off uptime,level,tags

Environment Variables:
JAVA_HOME=C:\Program Files\Java\jdk-17
CLASSPATH=D:\Polban\SEMESTER 6\PPLBO\E-Commerce\pplbo-e-commerce\promotion-service\\gradle\wrapper\gradle-wrapper.jar
PATH=C:\Program Files\Java\jdk-17\bin;D:\Program Files\Docker\Docker;D:\Polban\SEMESTER 6\PPLBO\PRAKTEK\FTGOAPP\gradle-6.9.1\bin;D:\Program Files\Java\jdk-17\bin;C:\tools\mysql\current\bin;C:\ProgramData\chocolatey\bin;D:\VirtualBox;C:\Users\ASUS\AppData\Local\Programs\Python\Python311;C:\Users\ASUS\AppData\Local\Programs\Python\Python311\Scripts;C:\oraclexe\app\oracle\product\11.2.0\server\bin;C:\Program Files\Common Files\Oracle\Java\javapath;C:\WINDOWS\system32;C:\WINDOWS;C:\WINDOWS\System32\Wbem;C:\WINDOWS\System32\WindowsPowerShell\v1.0\;C:\WINDOWS\System32\OpenSSH\;C:\Program Files\Intel\WiFi\bin\;C:\Program Files\Common Files\Intel\WirelessCommon\;C:\Program Files\Git\cmd;C:\MinGW\bin;C:\Users\ASUS\AppData\Roaming\Microsoft\Windows\Start Menu\Programs\Python 3.10;D:\Polban\SEMESTER 2\PROYEK1 PPLD SEM2\webScrap2;C:\Program Files\PuTTY\;C:\ghcup\bin;C:\Program Files\swipl\bin;C:\Program Files\Microsoft SQL Server\130\Tools\Binn\;C:\instantclient_11_2;C:\Ruby31-x64\bin;C:\neo4j\bin;C:\Program Files\Git LFS;C:\Program Files\Go\bin;C:\Program Files\nodejs\;C:\Program Files\Maven\apache-maven-3.9.4\bin;C:\Program Files\Java\jdk-17\bin;D:\Program Files\Docker\Docker\resources\bin;D:\Docker\Docker\resources\bin;C:\Program Files\Java\jdk-17\bin;D:\Program Files\Docker\Docker;D:\Polban\SEMESTER 6\PPLBO\PRAKTEK\FTGOAPP\gradle-6.9.1\bin;C:\ProgramData\chocolatey\bin;C:\tools\mysql\current\bin;D:\VirtualBox;C:\Users\ASUS\AppData\Local\ActiveState\StateTool\release\bin;C:\Users\ASUS\AppData\Local\activestate\cache\bin;C:\Users\ASUS\AppData\Local\Programs\Python\Python311;C:\Users\ASUS\AppData\Local\Programs\Python\Python39\Scripts\;C:\Users\ASUS\AppData\Local\Programs\Python\Python39\;C:\Users\ASUS\AppData\Local\Programs\Python\Python310\Scripts\;C:\Users\ASUS\AppData\Local\Programs\Python\Python310\;C:\Users\ASUS\AppData\Local\Microsoft\WindowsApps;C:\Users\ASUS\AppData\Local\Programs\Microsoft VS Code\bin;C:\MinGW\bin;C:\Program Files\JetBrains\IntelliJ IDEA 2022.1\bin;;C:\
USERNAME=ASUS
LANG=en_US.UTF-8
OS=Windows_NT
PROCESSOR_IDENTIFIER=Intel64 Family 6 Model 122 Stepping 1, GenuineIntel



---------------  S Y S T E M  ---------------

OS:
 Windows 10 , 64 bit Build 22621 (10.0.22621.3672)
OS uptime: 0 days 5:04 hours
Hyper-V role detected

CPU: total 2 (initial active 2) (2 cores per cpu, 1 threads per core) family 6 model 122 stepping 1 microcode 0x34, cx8, cmov, fxsr, mmx, 3dnowpref, sse, sse2, sse3, ssse3, sse4.1, sse4.2, popcnt, tsc, tscinvbit, aes, erms, clmul, sha, clflush, clflushopt, hv

Memory: 4k page, system-wide physical 3918M (354M free)
TotalPageFile size 14158M (AvailPageFile size 221M)
current process WorkingSet (physical memory assigned to process): 48M, peak: 48M
current process commit charge ("private bytes"): 131M, peak: 131M

vm_info: Java HotSpot(TM) 64-Bit Server VM (17+35-LTS-2724) for windows-amd64 JRE (17+35-LTS-2724), built on Aug  5 2021 23:28:28 by "mach5one" with MS VC++ 16.8 (VS2019)

END.
